<?xml version="1.0" encoding="UTF-8"?>
<!-- Generated by org.testng.reporters.JUnitXMLReporter -->
<testsuite hostname="DESKTOP-MVKCGI6" ignored="0" name="ChromeTest" tests="3" failures="0" timestamp="2021-06-20T18:13:30 IST" time="21.874" errors="0">
  <testcase name="verifyReportsLink" time="2.606" classname="com.test.classes.TestClass"/>
  <testcase name="verifyTaskLink" time="2.482" classname="com.test.classes.TestClass"/>
  <testcase name="verifyUsersLink" time="4.859" classname="com.test.classes.TestClass"/>
</testsuite> <!-- ChromeTest -->
