<?xml version="1.0" encoding="UTF-8"?>
<!-- Generated by org.testng.reporters.JUnitXMLReporter -->
<testsuite hostname="DESKTOP-MVKCGI6" ignored="0" name="FirefoxTest" tests="3" failures="0" timestamp="2021-06-20T18:13:59 IST" time="28.861" errors="0">
  <testcase name="verifyReportsLink" time="2.792" classname="com.test.classes.TestClass"/>
  <testcase name="verifyTaskLink" time="2.893" classname="com.test.classes.TestClass"/>
  <testcase name="verifyUsersLink" time="5.426" classname="com.test.classes.TestClass"/>
</testsuite> <!-- FirefoxTest -->
